<?xml version="1.0" encoding="UTF-8"?>
<testng-results ignored="0" total="1" passed="1" failed="0" skipped="0">
  <reporter-output>
  </reporter-output>
  <suite started-at="2023-06-19T22:10:36 EDT" name="Default suite" finished-at="2023-06-19T22:10:46 EDT" duration-ms="9915">
    <groups>
    </groups>
    <test started-at="2023-06-19T22:10:36 EDT" name="Default test" finished-at="2023-06-19T22:10:46 EDT" duration-ms="9915">
      <class name="com.automation.pages.testscripts.LoginTestTC1">
        <test-method is-config="true" signature="setParamsBeforeTest()[pri:0, instance:com.automation.pages.testscripts.LoginTestTC1@19e4653c]" started-at="2023-06-19T22:10:36 EDT" name="setParamsBeforeTest" finished-at="2023-06-19T22:10:37 EDT" duration-ms="578" status="PASS">
          <reporter-output>
          </reporter-output>
        </test-method> <!-- setParamsBeforeTest -->
        <test-method is-config="true" signature="setBeforeTestMethod(java.lang.String)[pri:0, instance:com.automation.pages.testscripts.LoginTestTC1@19e4653c]" started-at="2023-06-19T22:10:37 EDT" name="setBeforeTestMethod" finished-at="2023-06-19T22:10:41 EDT" duration-ms="4568" status="PASS">
          <params>
            <param index="0">
              <value>
                <![CDATA[chrome]]>
              </value>
            </param>
          </params>
          <reporter-output>
          </reporter-output>
        </test-method> <!-- setBeforeTestMethod -->
        <test-method signature="loginToSalesForceTestScript()[pri:0, instance:com.automation.pages.testscripts.LoginTestTC1@19e4653c]" started-at="2023-06-19T22:10:41 EDT" name="loginToSalesForceTestScript" finished-at="2023-06-19T22:10:46 EDT" duration-ms="4506" status="PASS">
          <reporter-output>
          </reporter-output>
        </test-method> <!-- loginToSalesForceTestScript -->
        <test-method is-config="true" signature="tearDownAfterMethod()[pri:0, instance:com.automation.pages.testscripts.LoginTestTC1@19e4653c]" started-at="2023-06-19T22:10:46 EDT" name="tearDownAfterMethod" finished-at="2023-06-19T22:10:46 EDT" duration-ms="223" status="PASS">
          <reporter-output>
          </reporter-output>
        </test-method> <!-- tearDownAfterMethod -->
      </class> <!-- com.automation.pages.testscripts.LoginTestTC1 -->
    </test> <!-- Default test -->
  </suite> <!-- Default suite -->
</testng-results>
